TN:
SF:C:\Users\King\Documents\cloud\components\ux-input\dist\resources\test.js
FN:17,_interopRequireDefault
FN:19,_taggedTemplateLiteral
FN:27,(anonymous_3)
FN:35,(anonymous_4)
FN:43,(anonymous_5)
FN:51,(anonymous_6)
FN:55,(anonymous_7)
FN:58,(anonymous_8)
FN:61,(anonymous_9)
FN:65,(anonymous_10)
FN:68,(anonymous_11)
FN:71,(anonymous_12)
FN:75,(anonymous_13)
FN:80,(anonymous_14)
FN:85,(anonymous_15)
FN:88,(anonymous_16)
FN:92,(anonymous_17)
FN:95,(anonymous_18)
FN:99,(anonymous_19)
FN:104,(anonymous_20)
FN:110,(anonymous_21)
FNF:21
FNH:20
FNDA:2,_interopRequireDefault
FNDA:1,_taggedTemplateLiteral
FNDA:1,(anonymous_3)
FNDA:1,(anonymous_4)
FNDA:1,(anonymous_5)
FNDA:1,(anonymous_6)
FNDA:1,(anonymous_7)
FNDA:1,(anonymous_8)
FNDA:1,(anonymous_9)
FNDA:1,(anonymous_10)
FNDA:1,(anonymous_11)
FNDA:1,(anonymous_12)
FNDA:1,(anonymous_13)
FNDA:1,(anonymous_14)
FNDA:1,(anonymous_15)
FNDA:1,(anonymous_16)
FNDA:1,(anonymous_17)
FNDA:1,(anonymous_18)
FNDA:1,(anonymous_19)
FNDA:1,(anonymous_20)
FNDA:0,(anonymous_21)
DA:3,1
DA:5,1
DA:7,1
DA:9,1
DA:11,1
DA:13,1
DA:15,1
DA:17,2
DA:19,1
DA:21,1
DA:25,1
DA:27,1
DA:28,1
DA:29,1
DA:30,1
DA:31,1
DA:32,1
DA:35,1
DA:36,1
DA:37,1
DA:38,1
DA:39,1
DA:40,1
DA:43,1
DA:44,1
DA:45,1
DA:46,1
DA:47,1
DA:48,1
DA:51,1
DA:52,1
DA:53,1
DA:55,1
DA:56,1
DA:58,1
DA:59,1
DA:61,1
DA:62,1
DA:65,1
DA:66,1
DA:68,1
DA:69,1
DA:71,1
DA:72,1
DA:75,1
DA:76,1
DA:80,1
DA:81,1
DA:82,1
DA:85,1
DA:86,1
DA:88,1
DA:89,1
DA:92,1
DA:93,1
DA:95,1
DA:96,1
DA:99,1
DA:100,1
DA:104,1
DA:105,1
DA:107,1
DA:110,1
DA:111,0
DA:114,1
DA:116,1
DA:117,1
DA:119,1
LF:68
LH:67
BRDA:17,1,0,1
BRDA:17,1,1,1
BRDA:17,2,0,2
BRDA:17,2,1,2
BRF:4
BRH:4
end_of_record
TN:
SF:C:\Users\King\Documents\cloud\components\ux-input\dist\resources\ux-input.js
FN:7,uxInput
FN:30,refocus
FN:35,focus
FN:41,blur
FN:48,input
FN:52,submit
FNF:6
FNH:3
FNDA:9,uxInput
FNDA:0,refocus
FNDA:1,focus
FNDA:1,blur
FNDA:0,input
FNDA:0,submit
DA:3,1
DA:6,1
DA:7,1
DA:8,9
DA:24,9
DA:26,9
DA:28,9
DA:30,1
DA:31,0
DA:32,0
DA:35,1
DA:36,1
DA:37,1
DA:38,1
DA:41,1
DA:42,1
DA:43,1
DA:44,1
DA:45,1
DA:48,1
DA:49,0
DA:52,1
DA:53,0
DA:54,0
DA:55,0
DA:56,0
LF:26
LH:19
BRDA:9,1,0,9
BRDA:9,1,1,9
BRDA:21,2,0,0
BRDA:21,2,1,9
BRDA:22,3,0,0
BRDA:22,3,1,9
BRDA:31,4,0,0
BRDA:31,4,1,0
BRDA:36,5,0,0
BRDA:36,5,1,1
BRDA:42,6,0,0
BRDA:42,6,1,1
BRDA:43,7,0,0
BRDA:43,7,1,1
BRDA:53,8,0,0
BRDA:53,8,1,0
BRDA:54,9,0,0
BRDA:54,9,1,0
BRF:18
BRH:7
end_of_record
